<?xml version='1.0' encoding='UTF-8'?>
<testsuite hostname="MBP15-X0LELVDQ" name="pdt.client.OrgaosSpec" tests="1" errors="0" failures="1" skipped="0" time="0.0" timestamp="2020-04-01T16:57:49">
                     <properties>
      <property name="java.specification.version" value="13"/><property name="sun.jnu.encoding" value="UTF-8"/><property name="sun.arch.data.model" value="64"/><property name="java.vendor.url" value="http://www.azulsystems.com/"/><property name="sun.boot.library.path" value="/Users/juliano.alves/.sdkman/candidates/java/13.0.2-zulu/lib"/><property name="sun.java.command" value="/usr/local/Cellar/sbt/1.2.8/libexec/bin/sbt-launch.jar test"/><property name="jdk.debug" value="release"/><property name="java.specification.vendor" value="Oracle Corporation"/><property name="java.version.date" value="2020-01-14"/><property name="java.home" value="/Users/juliano.alves/.sdkman/candidates/java/13.0.2-zulu"/><property name="file.separator" value="/"/><property name="java.vm.compressedOopsMode" value="Zero based"/><property name="line.separator" value="
"/><property name="java.vm.specification.vendor" value="Oracle Corporation"/><property name="java.specification.name" value="Java Platform API Specification"/><property name="sun.management.compiler" value="HotSpot 64-Bit Tiered Compilers"/><property name="java.runtime.version" value="13.0.2+6-MTS"/><property name="user.name" value="juliano.alves"/><property name="log4j.ignoreTCL" value="true"/><property name="file.encoding" value="UTF-8"/><property name="java.vendor.version" value="Zulu13.29+9-CA"/><property name="java.io.tmpdir" value="/var/folders/7p/xchb_kx12r7_tg5rlv3qtjxryvnk1d/T/"/><property name="java.version" value="13.0.2"/><property name="java.vm.specification.name" value="Java Virtual Machine Specification"/><property name="java.library.path" value="/Users/juliano.alves/Library/Java/Extensions:/Library/Java/Extensions:/Network/Library/Java/Extensions:/System/Library/Java/Extensions:/usr/lib/java:."/><property name="java.vendor" value="Azul Systems, Inc."/><property name="scala.ext.dirs" value="/Users/juliano.alves/.sbt/0.13/java9-rt-ext-azul_systems__inc__13_0_2"/><property name="sun.io.unicode.encoding" value="UnicodeBig"/><property name="socksNonProxyHosts" value="local|*.local|169.254/16|*.169.254/16"/><property name="java.class.path" value="/usr/local/Cellar/sbt/1.2.8/libexec/bin/sbt-launch.jar"/><property name="java.vm.vendor" value="Azul Systems, Inc."/><property name="jline.shutdownhook" value="false"/><property name="user.timezone" value="Europe/London"/><property name="java.vm.specification.version" value="13"/><property name="os.name" value="Mac OS X"/><property name="sun.java.launcher" value="SUN_STANDARD"/><property name="user.country" value="GB"/><property name="http.nonProxyHosts" value="local|*.local|169.254/16|*.169.254/16"/><property name="sun.cpu.endian" value="little"/><property name="user.home" value="/Users/juliano.alves"/><property name="user.language" value="en"/><property name="swoval.tmpdir" value="/Users/juliano.alves/.sbt/1.0"/><property name="jline.esc.timeout" value="0"/><property name="ftp.nonProxyHosts" value="local|*.local|169.254/16|*.169.254/16"/><property name="path.separator" value=":"/><property name="os.version" value="10.15.4"/><property name="jna.nosys" value="true"/><property name="java.runtime.name" value="OpenJDK Runtime Environment"/><property name="java.vm.name" value="OpenJDK 64-Bit Server VM"/><property name="java.vendor.url.bug" value="http://www.azulsystems.com/support/"/><property name="user.dir" value="/Users/juliano.alves/development/opensource/pdt-client"/><property name="os.arch" value="x86_64"/><property name="java.vm.info" value="mixed mode, sharing"/><property name="java.vm.version" value="13.0.2+6-MTS"/><property name="java.class.version" value="57.0"/>
    </properties>
                     <testcase classname="pdt.client.OrgaosSpec" name="siafi" time="0.0">
                                                 <failure message="No Exception or message provided"/>
                                               </testcase>
                     <system-out><![CDATA[]]></system-out>
                     <system-err><![CDATA[]]></system-err>
                   </testsuite>